<?xml version="1.0" encoding="UTF-8"?>
<!-- Generated by org.testng.reporters.JUnitXMLReporter -->
<testsuite ignored="0" hostname="DESKTOP-PPMKO0L" failures="1" tests="6" name="Test" time="0.103" errors="0" timestamp="2023-04-21T20:53:56 IST">
  <testcase classname="com.test.Demo" name="tc1" time="0.009"/>
  <testcase classname="com.test.Demo" name="tc2" time="0.011">
    <skipped/>
  </testcase> <!-- tc2 -->
  <testcase classname="com.test.Demo" name="tc2" time="0.003">
    <skipped/>
  </testcase> <!-- tc2 -->
  <testcase classname="com.test.Demo" name="tc2" time="0.002">
    <skipped/>
  </testcase> <!-- tc2 -->
  <testcase classname="com.test.Demo" name="tc2" time="0.003">
    <failure type="java.lang.AssertionError" message="expected [true] but found [false]">
      <![CDATA[java.lang.AssertionError: expected [true] but found [false]
at com.test.Demo.tc2(Demo.java:15)
at java.base/java.util.ArrayList.forEach(ArrayList.java:1511)
... Removed 31 stack frames]]>
    </failure>
  </testcase> <!-- tc2 -->
  <testcase classname="com.test.Demo" name="tc3" time="0.001"/>
</testsuite> <!-- Test -->
