<?xml version="1.0" encoding="UTF-8"?>
<testng-results ignored="0" total="2" passed="2" failed="0" skipped="0">
  <reporter-output>
  </reporter-output>
  <suite started-at="2023-04-22T11:57:17 IST" name="Default suite" finished-at="2023-04-22T11:57:30 IST" duration-ms="12859">
    <groups>
    </groups>
    <test started-at="2023-04-22T11:57:17 IST" name="Default test" finished-at="2023-04-22T11:57:30 IST" duration-ms="12859">
      <class name="com.DD.DatProv">
        <test-method signature="sample(java.lang.String,java.lang.String)[pri:0, instance:com.DD.DatProv@3e58a80e]" started-at="2023-04-22T11:57:17 IST" name="sample" data-provider="logindata" finished-at="2023-04-22T11:57:26 IST" duration-ms="9027" status="PASS">
          <params>
            <param index="0">
              <value>
                <![CDATA[Naveen]]>
              </value>
            </param>
            <param index="1">
              <value>
                <![CDATA[Kumar]]>
              </value>
            </param>
          </params>
          <reporter-output>
          </reporter-output>
        </test-method> <!-- sample -->
        <test-method signature="sample(java.lang.String,java.lang.String)[pri:0, instance:com.DD.DatProv@3e58a80e]" started-at="2023-04-22T11:57:26 IST" name="sample" data-provider="logindata" finished-at="2023-04-22T11:57:30 IST" duration-ms="3603" status="PASS">
          <params>
            <param index="0">
              <value>
                <![CDATA[Super]]>
              </value>
            </param>
            <param index="1">
              <value>
                <![CDATA[Star]]>
              </value>
            </param>
          </params>
          <reporter-output>
          </reporter-output>
        </test-method> <!-- sample -->
      </class> <!-- com.DD.DatProv -->
    </test> <!-- Default test -->
  </suite> <!-- Default suite -->
</testng-results>
